<?xml version="1.0" encoding="UTF-8"?>
<coverage generated="1591913021888" clover="3.2.0">
  <project timestamp="1591913021888" name="All files">
    <metrics statements="38" coveredstatements="38" conditionals="12" coveredconditionals="11" methods="5" coveredmethods="5" elements="55" coveredelements="54" complexity="0" loc="38" ncloc="38" packages="1" files="3" classes="3"/>
    <file name="PasswordFunctions.js" path="/home/kgaugelo/github/WitsStudentRecruitment/Witslink_files/js/testing/PasswordFunctions.js">
      <metrics statements="15" coveredstatements="15" conditionals="4" coveredconditionals="4" methods="2" coveredmethods="2"/>
      <line num="2" count="2" type="stmt"/>
      <line num="3" count="2" type="stmt"/>
      <line num="4" count="2" type="cond" truecount="2" falsecount="0"/>
      <line num="6" count="1" type="stmt"/>
      <line num="9" count="1" type="stmt"/>
      <line num="13" count="2" type="stmt"/>
      <line num="15" count="1" type="stmt"/>
      <line num="18" count="2" type="stmt"/>
      <line num="19" count="2" type="stmt"/>
      <line num="20" count="2" type="cond" truecount="2" falsecount="0"/>
      <line num="21" count="1" type="stmt"/>
      <line num="25" count="1" type="stmt"/>
      <line num="26" count="1" type="stmt"/>
      <line num="29" count="2" type="stmt"/>
      <line num="31" count="1" type="stmt"/>
    </file>
    <file name="jobsum.js" path="/home/kgaugelo/github/WitsStudentRecruitment/Witslink_files/js/testing/jobsum.js">
      <metrics statements="2" coveredstatements="2" conditionals="0" coveredconditionals="0" methods="1" coveredmethods="1"/>
      <line num="2" count="1" type="stmt"/>
      <line num="4" count="1" type="stmt"/>
    </file>
    <file name="listJobsFunction.js" path="/home/kgaugelo/github/WitsStudentRecruitment/Witslink_files/js/testing/listJobsFunction.js">
      <metrics statements="21" coveredstatements="21" conditionals="8" coveredconditionals="7" methods="2" coveredmethods="2"/>
      <line num="3" count="2" type="stmt"/>
      <line num="4" count="2" type="stmt"/>
      <line num="5" count="2" type="cond" truecount="2" falsecount="0"/>
      <line num="6" count="1" type="stmt"/>
      <line num="9" count="1" type="stmt"/>
      <line num="10" count="1" type="stmt"/>
      <line num="17" count="2" type="stmt"/>
      <line num="19" count="1" type="stmt"/>
      <line num="23" count="3" type="stmt"/>
      <line num="24" count="3" type="stmt"/>
      <line num="25" count="3" type="cond" truecount="2" falsecount="0"/>
      <line num="26" count="1" type="stmt"/>
      <line num="29" count="2" type="stmt"/>
      <line num="30" count="2" type="stmt"/>
      <line num="31" count="2" type="cond" truecount="2" falsecount="0"/>
      <line num="32" count="1" type="stmt"/>
      <line num="33" count="1" type="cond" truecount="1" falsecount="1"/>
      <line num="34" count="1" type="stmt"/>
      <line num="36" count="2" type="stmt"/>
      <line num="45" count="3" type="stmt"/>
      <line num="47" count="1" type="stmt"/>
    </file>
  </project>
</coverage>
