{"/home/kgaugelo/github/WitsStudentRecruitment/Witslink_files/js/jobsum.js": {"path":"/home/kgaugelo/github/WitsStudentRecruitment/Witslink_files/js/jobsum.js","statementMap":{"0":{"start":{"line":2,"column":2},"end":{"line":2,"column":15}},"1":{"start":{"line":4,"column":0},"end":{"line":4,"column":24}}},"fnMap":{"0":{"name":"jobsum","decl":{"start":{"line":1,"column":9},"end":{"line":1,"column":15}},"loc":{"start":{"line":1,"column":22},"end":{"line":3,"column":1}},"line":1}},"branchMap":{},"s":{"0":1,"1":1},"f":{"0":1},"b":{},"_coverageSchema":"1a1c01bbd47fc00a2c39e90264f33305004495a9","hash":"836f301b04a98cc0c9ae19ffb0135d3ff4149ff0"}
,"/home/kgaugelo/github/WitsStudentRecruitment/Witslink_files/js/listJobsFunction.js": {"path":"/home/kgaugelo/github/WitsStudentRecruitment/Witslink_files/js/listJobsFunction.js","statementMap":{"0":{"start":{"line":3,"column":17},"end":{"line":3,"column":19}},"1":{"start":{"line":4,"column":2},"end":{"line":4,"column":31}},"2":{"start":{"line":5,"column":2},"end":{"line":16,"column":3}},"3":{"start":{"line":6,"column":4},"end":{"line":6,"column":37}},"4":{"start":{"line":9,"column":4},"end":{"line":14,"column":5}},"5":{"start":{"line":10,"column":6},"end":{"line":13,"column":33}},"6":{"start":{"line":17,"column":2},"end":{"line":17,"column":20}},"7":{"start":{"line":19,"column":0},"end":{"line":19,"column":40}},"8":{"start":{"line":23,"column":21},"end":{"line":23,"column":23}},"9":{"start":{"line":23,"column":30},"end":{"line":23,"column":32}},"10":{"start":{"line":24,"column":5},"end":{"line":24,"column":34}},"11":{"start":{"line":25,"column":8},"end":{"line":43,"column":9}},"12":{"start":{"line":26,"column":14},"end":{"line":26,"column":75}},"13":{"start":{"line":29,"column":25},"end":{"line":29,"column":35}},"14":{"start":{"line":30,"column":12},"end":{"line":42,"column":13}},"15":{"start":{"line":30,"column":25},"end":{"line":30,"column":26}},"16":{"start":{"line":31,"column":17},"end":{"line":35,"column":18}},"17":{"start":{"line":32,"column":20},"end":{"line":32,"column":42}},"18":{"start":{"line":33,"column":24},"end":{"line":35,"column":18}},"19":{"start":{"line":34,"column":21},"end":{"line":34,"column":40}},"20":{"start":{"line":36,"column":17},"end":{"line":41,"column":34}},"21":{"start":{"line":45,"column":8},"end":{"line":45,"column":26}},"22":{"start":{"line":47,"column":1},"end":{"line":47,"column":37}},"23":{"start":{"line":51,"column":18},"end":{"line":51,"column":20}},"24":{"start":{"line":51,"column":26},"end":{"line":51,"column":28}},"25":{"start":{"line":52,"column":3},"end":{"line":52,"column":29}},"26":{"start":{"line":53,"column":3},"end":{"line":61,"column":6}},"27":{"start":{"line":55,"column":5},"end":{"line":55,"column":47}},"28":{"start":{"line":58,"column":5},"end":{"line":58,"column":33}},"29":{"start":{"line":62,"column":5},"end":{"line":62,"column":23}},"30":{"start":{"line":64,"column":1},"end":{"line":64,"column":31}}},"fnMap":{"0":{"name":"HtmlDisplayJob","decl":{"start":{"line":2,"column":9},"end":{"line":2,"column":23}},"loc":{"start":{"line":2,"column":30},"end":{"line":18,"column":1}},"line":2},"1":{"name":"loadJobTable","decl":{"start":{"line":22,"column":10},"end":{"line":22,"column":22}},"loc":{"start":{"line":22,"column":28},"end":{"line":46,"column":2}},"line":22},"2":{"name":"HtmlOutput","decl":{"start":{"line":50,"column":10},"end":{"line":50,"column":20}},"loc":{"start":{"line":50,"column":27},"end":{"line":63,"column":2}},"line":50}},"branchMap":{"0":{"loc":{"start":{"line":5,"column":2},"end":{"line":16,"column":3}},"type":"if","locations":[{"start":{"line":5,"column":2},"end":{"line":16,"column":3}},{"start":{"line":5,"column":2},"end":{"line":16,"column":3}}],"line":5},"1":{"loc":{"start":{"line":25,"column":8},"end":{"line":43,"column":9}},"type":"if","locations":[{"start":{"line":25,"column":8},"end":{"line":43,"column":9}},{"start":{"line":25,"column":8},"end":{"line":43,"column":9}}],"line":25},"2":{"loc":{"start":{"line":31,"column":17},"end":{"line":35,"column":18}},"type":"if","locations":[{"start":{"line":31,"column":17},"end":{"line":35,"column":18}},{"start":{"line":31,"column":17},"end":{"line":35,"column":18}}],"line":31},"3":{"loc":{"start":{"line":33,"column":24},"end":{"line":35,"column":18}},"type":"if","locations":[{"start":{"line":33,"column":24},"end":{"line":35,"column":18}},{"start":{"line":33,"column":24},"end":{"line":35,"column":18}}],"line":33},"4":{"loc":{"start":{"line":53,"column":3},"end":{"line":61,"column":6}},"type":"if","locations":[{"start":{"line":53,"column":3},"end":{"line":61,"column":6}},{"start":{"line":53,"column":3},"end":{"line":61,"column":6}}],"line":53}},"s":{"0":2,"1":2,"2":2,"3":1,"4":1,"5":1,"6":2,"7":1,"8":2,"9":2,"10":2,"11":2,"12":1,"13":1,"14":1,"15":1,"16":1,"17":1,"18":0,"19":0,"20":1,"21":2,"22":1,"23":1,"24":1,"25":1,"26":1,"27":1,"28":0,"29":1,"30":1},"f":{"0":2,"1":2,"2":1},"b":{"0":[1,1],"1":[1,1],"2":[1,0],"3":[0,0],"4":[1,0]},"_coverageSchema":"1a1c01bbd47fc00a2c39e90264f33305004495a9","hash":"3e3a259247068daae6fde757f32e264d40f28222"}
}
