TN:
SF:Witslink_files/js/jobsum.js
FN:1,jobsum
FNF:1
FNH:1
FNDA:1,jobsum
DA:2,1
DA:4,1
LF:2
LH:2
BRF:0
BRH:0
end_of_record
TN:
SF:Witslink_files/js/listJobsFunction.js
FN:2,HtmlDisplayJob
FN:22,loadJobTable
FN:50,HtmlOutput
FNF:3
FNH:3
FNDA:2,HtmlDisplayJob
FNDA:2,loadJobTable
FNDA:1,HtmlOutput
DA:3,2
DA:4,2
DA:5,2
DA:6,1
DA:9,1
DA:10,1
DA:17,2
DA:19,1
DA:23,2
DA:24,2
DA:25,2
DA:26,1
DA:29,1
DA:30,1
DA:31,1
DA:32,1
DA:33,0
DA:34,0
DA:36,1
DA:45,2
DA:47,1
DA:51,1
DA:52,1
DA:53,1
DA:55,1
DA:58,0
DA:62,1
DA:64,1
LF:28
LH:25
BRDA:5,0,0,1
BRDA:5,0,1,1
BRDA:25,1,0,1
BRDA:25,1,1,1
BRDA:31,2,0,1
BRDA:31,2,1,0
BRDA:33,3,0,0
BRDA:33,3,1,0
BRDA:53,4,0,1
BRDA:53,4,1,0
BRF:10
BRH:6
end_of_record
