TN:
SF:Witslink_files/js/PasswordFunctions.js
FN:1,HtmlOutput
FN:17,sHtmlOutput
FNF:2
FNH:2
FNDA:2,HtmlOutput
FNDA:2,sHtmlOutput
DA:2,2
DA:3,2
DA:4,2
DA:6,1
DA:9,1
DA:13,2
DA:15,1
DA:18,2
DA:19,2
DA:20,2
DA:21,1
DA:25,1
DA:26,1
DA:29,2
DA:32,1
LF:15
LH:15
BRDA:4,0,0,1
BRDA:4,0,1,1
BRDA:20,1,0,1
BRDA:20,1,1,1
BRF:4
BRH:4
end_of_record
TN:
SF:Witslink_files/js/jobsum.js
FN:1,jobsum
FNF:1
FNH:1
FNDA:1,jobsum
DA:2,1
DA:4,1
LF:2
LH:2
BRF:0
BRH:0
end_of_record
TN:
SF:Witslink_files/js/listJobsFunction.js
FN:2,HtmlDisplayJob
FN:22,loadJobTable
FNF:2
FNH:2
FNDA:2,HtmlDisplayJob
FNDA:3,loadJobTable
DA:3,2
DA:4,2
DA:5,2
DA:6,1
DA:9,1
DA:10,1
DA:17,2
DA:19,1
DA:23,3
DA:24,3
DA:25,3
DA:26,1
DA:29,2
DA:30,2
DA:31,2
DA:32,1
DA:33,1
DA:34,1
DA:36,2
DA:45,3
DA:47,1
LF:21
LH:21
BRDA:5,0,0,1
BRDA:5,0,1,1
BRDA:25,1,0,1
BRDA:25,1,1,2
BRDA:31,2,0,1
BRDA:31,2,1,1
BRDA:33,3,0,1
BRDA:33,3,1,0
BRF:8
BRH:7
end_of_record
